-------------------------------------------------------------------------------
Test set: com.pro0inter.HeyDocServer.HeyDocServerApplicationTests
-------------------------------------------------------------------------------
Tests run: 1, Failures: 0, Errors: 1, Skipped: 0, Time elapsed: 0.189 s <<< FAILURE! - in com.pro0inter.HeyDocServer.HeyDocServerApplicationTests
initializationError(com.pro0inter.HeyDocServer.HeyDocServerApplicationTests)  Time elapsed: 0.006 s  <<< ERROR!
java.lang.Exception: No runnable methods

